[0.957s] Invoking command in '/home/nadilgunawardane/lab1_ws/src/lab1_pkg': PYTHONPATH=/home/nadilgunawardane/lab1_ws/build/lab1_pkg/prefix_override:/home/nadilgunawardane/lab1_ws/install/lab1_pkg/lib/python3.10/site-packages:${PYTHONPATH} /usr/bin/python3 -W ignore:setup.py install is deprecated setup.py egg_info --egg-base ../../build/lab1_pkg build --build-base /home/nadilgunawardane/lab1_ws/build/lab1_pkg/build install --record /home/nadilgunawardane/lab1_ws/build/lab1_pkg/install.log --single-version-externally-managed install_data
[1.230s] running egg_info
[1.231s] creating ../../build/lab1_pkg/lab1_pkg.egg-info
[1.232s] writing ../../build/lab1_pkg/lab1_pkg.egg-info/PKG-INFO
[1.232s] writing dependency_links to ../../build/lab1_pkg/lab1_pkg.egg-info/dependency_links.txt
[1.232s] writing entry points to ../../build/lab1_pkg/lab1_pkg.egg-info/entry_points.txt
[1.233s] writing requirements to ../../build/lab1_pkg/lab1_pkg.egg-info/requires.txt
[1.233s] writing top-level names to ../../build/lab1_pkg/lab1_pkg.egg-info/top_level.txt
[1.233s] writing manifest file '../../build/lab1_pkg/lab1_pkg.egg-info/SOURCES.txt'
[1.235s] reading manifest file '../../build/lab1_pkg/lab1_pkg.egg-info/SOURCES.txt'
[1.236s] writing manifest file '../../build/lab1_pkg/lab1_pkg.egg-info/SOURCES.txt'
[1.237s] running build
[1.237s] running build_py
[1.237s] creating /home/nadilgunawardane/lab1_ws/build/lab1_pkg/build
[1.237s] creating /home/nadilgunawardane/lab1_ws/build/lab1_pkg/build/lib
[1.237s] creating /home/nadilgunawardane/lab1_ws/build/lab1_pkg/build/lib/lab1_pkg
[1.237s] copying lab1_pkg/__init__.py -> /home/nadilgunawardane/lab1_ws/build/lab1_pkg/build/lib/lab1_pkg
[1.237s] running install
[1.238s] running install_lib
[1.239s] creating /home/nadilgunawardane/lab1_ws/install/lab1_pkg/lib/python3.10/site-packages/lab1_pkg
[1.239s] copying /home/nadilgunawardane/lab1_ws/build/lab1_pkg/build/lib/lab1_pkg/__init__.py -> /home/nadilgunawardane/lab1_ws/install/lab1_pkg/lib/python3.10/site-packages/lab1_pkg
[1.239s] byte-compiling /home/nadilgunawardane/lab1_ws/install/lab1_pkg/lib/python3.10/site-packages/lab1_pkg/__init__.py to __init__.cpython-310.pyc
[1.239s] running install_data
[1.240s] creating /home/nadilgunawardane/lab1_ws/install/lab1_pkg/share/ament_index
[1.240s] creating /home/nadilgunawardane/lab1_ws/install/lab1_pkg/share/ament_index/resource_index
[1.240s] creating /home/nadilgunawardane/lab1_ws/install/lab1_pkg/share/ament_index/resource_index/packages
[1.240s] copying resource/lab1_pkg -> /home/nadilgunawardane/lab1_ws/install/lab1_pkg/share/ament_index/resource_index/packages
[1.240s] copying package.xml -> /home/nadilgunawardane/lab1_ws/install/lab1_pkg/share/lab1_pkg
[1.240s] running install_egg_info
[1.242s] Copying ../../build/lab1_pkg/lab1_pkg.egg-info to /home/nadilgunawardane/lab1_ws/install/lab1_pkg/lib/python3.10/site-packages/lab1_pkg-0.0.0-py3.10.egg-info
[1.243s] running install_scripts
[1.269s] writing list of installed files to '/home/nadilgunawardane/lab1_ws/build/lab1_pkg/install.log'
[1.311s] Invoked command in '/home/nadilgunawardane/lab1_ws/src/lab1_pkg' returned '0': PYTHONPATH=/home/nadilgunawardane/lab1_ws/build/lab1_pkg/prefix_override:/home/nadilgunawardane/lab1_ws/install/lab1_pkg/lib/python3.10/site-packages:${PYTHONPATH} /usr/bin/python3 -W ignore:setup.py install is deprecated setup.py egg_info --egg-base ../../build/lab1_pkg build --build-base /home/nadilgunawardane/lab1_ws/build/lab1_pkg/build install --record /home/nadilgunawardane/lab1_ws/build/lab1_pkg/install.log --single-version-externally-managed install_data
