running egg_info
writing ../../build/lab1_pkg/lab1_pkg.egg-info/PKG-INFO
writing dependency_links to ../../build/lab1_pkg/lab1_pkg.egg-info/dependency_links.txt
writing entry points to ../../build/lab1_pkg/lab1_pkg.egg-info/entry_points.txt
writing requirements to ../../build/lab1_pkg/lab1_pkg.egg-info/requires.txt
writing top-level names to ../../build/lab1_pkg/lab1_pkg.egg-info/top_level.txt
reading manifest file '../../build/lab1_pkg/lab1_pkg.egg-info/SOURCES.txt'
writing manifest file '../../build/lab1_pkg/lab1_pkg.egg-info/SOURCES.txt'
running build
running build_py
running install
running install_lib
running install_data
copying package.xml -> /home/nadilgunawardane/lab1_ws/install/lab1_pkg/share/lab1_pkg
creating /home/nadilgunawardane/lab1_ws/install/lab1_pkg/share/lab1_pkg/launch
running install_egg_info
removing '/home/nadilgunawardane/lab1_ws/install/lab1_pkg/lib/python3.10/site-packages/lab1_pkg-0.0.0-py3.10.egg-info' (and everything under it)
Copying ../../build/lab1_pkg/lab1_pkg.egg-info to /home/nadilgunawardane/lab1_ws/install/lab1_pkg/lib/python3.10/site-packages/lab1_pkg-0.0.0-py3.10.egg-info
running install_scripts
Installing relay script to /home/nadilgunawardane/lab1_ws/install/lab1_pkg/lib/lab1_pkg
Installing simple_publisher script to /home/nadilgunawardane/lab1_ws/install/lab1_pkg/lib/lab1_pkg
Installing simple_subscriber script to /home/nadilgunawardane/lab1_ws/install/lab1_pkg/lib/lab1_pkg
Installing talker script to /home/nadilgunawardane/lab1_ws/install/lab1_pkg/lib/lab1_pkg
writing list of installed files to '/home/nadilgunawardane/lab1_ws/build/lab1_pkg/install.log'
