[0.701s] Invoking command in '/home/nadilgunawardane/lab1_ws/src/lab1_pkg': PYTHONPATH=/home/nadilgunawardane/lab1_ws/build/lab1_pkg/prefix_override:/home/nadilgunawardane/lab1_ws/install/lab1_pkg/lib/python3.10/site-packages:${PYTHONPATH} /usr/bin/python3 -W ignore:setup.py install is deprecated setup.py egg_info --egg-base ../../build/lab1_pkg build --build-base /home/nadilgunawardane/lab1_ws/build/lab1_pkg/build install --record /home/nadilgunawardane/lab1_ws/build/lab1_pkg/install.log --single-version-externally-managed install_data
[0.952s] running egg_info
[0.952s] writing ../../build/lab1_pkg/lab1_pkg.egg-info/PKG-INFO
[0.953s] writing dependency_links to ../../build/lab1_pkg/lab1_pkg.egg-info/dependency_links.txt
[0.953s] writing entry points to ../../build/lab1_pkg/lab1_pkg.egg-info/entry_points.txt
[0.953s] writing requirements to ../../build/lab1_pkg/lab1_pkg.egg-info/requires.txt
[0.953s] writing top-level names to ../../build/lab1_pkg/lab1_pkg.egg-info/top_level.txt
[0.955s] reading manifest file '../../build/lab1_pkg/lab1_pkg.egg-info/SOURCES.txt'
[0.956s] writing manifest file '../../build/lab1_pkg/lab1_pkg.egg-info/SOURCES.txt'
[0.956s] running build
[0.956s] running build_py
[0.956s] copying lab1_pkg/simple_go.py -> /home/nadilgunawardane/lab1_ws/build/lab1_pkg/build/lib/lab1_pkg
[0.957s] running install
[0.957s] running install_lib
[0.958s] copying /home/nadilgunawardane/lab1_ws/build/lab1_pkg/build/lib/lab1_pkg/simple_go.py -> /home/nadilgunawardane/lab1_ws/install/lab1_pkg/lib/python3.10/site-packages/lab1_pkg
[0.959s] byte-compiling /home/nadilgunawardane/lab1_ws/install/lab1_pkg/lib/python3.10/site-packages/lab1_pkg/simple_go.py to simple_go.cpython-310.pyc
[0.959s] running install_data
[0.959s] running install_egg_info
[0.961s] removing '/home/nadilgunawardane/lab1_ws/install/lab1_pkg/lib/python3.10/site-packages/lab1_pkg-0.0.0-py3.10.egg-info' (and everything under it)
[0.962s] Copying ../../build/lab1_pkg/lab1_pkg.egg-info to /home/nadilgunawardane/lab1_ws/install/lab1_pkg/lib/python3.10/site-packages/lab1_pkg-0.0.0-py3.10.egg-info
[0.962s] running install_scripts
[0.990s] Installing simple_go script to /home/nadilgunawardane/lab1_ws/install/lab1_pkg/lib/lab1_pkg
[0.990s] Installing simple_publisher script to /home/nadilgunawardane/lab1_ws/install/lab1_pkg/lib/lab1_pkg
[0.990s] Installing simple_subscriber script to /home/nadilgunawardane/lab1_ws/install/lab1_pkg/lib/lab1_pkg
[0.990s] Installing talker script to /home/nadilgunawardane/lab1_ws/install/lab1_pkg/lib/lab1_pkg
[0.991s] writing list of installed files to '/home/nadilgunawardane/lab1_ws/build/lab1_pkg/install.log'
[1.027s] Invoked command in '/home/nadilgunawardane/lab1_ws/src/lab1_pkg' returned '0': PYTHONPATH=/home/nadilgunawardane/lab1_ws/build/lab1_pkg/prefix_override:/home/nadilgunawardane/lab1_ws/install/lab1_pkg/lib/python3.10/site-packages:${PYTHONPATH} /usr/bin/python3 -W ignore:setup.py install is deprecated setup.py egg_info --egg-base ../../build/lab1_pkg build --build-base /home/nadilgunawardane/lab1_ws/build/lab1_pkg/build install --record /home/nadilgunawardane/lab1_ws/build/lab1_pkg/install.log --single-version-externally-managed install_data
