/home/nadilgunawardane/lab1_ws/install/lab1_pkg/lib/python3.10/site-packages/lab1_pkg/simple_publisher.py
/home/nadilgunawardane/lab1_ws/install/lab1_pkg/lib/python3.10/site-packages/lab1_pkg/talker.py
/home/nadilgunawardane/lab1_ws/install/lab1_pkg/lib/python3.10/site-packages/lab1_pkg/__init__.py
/home/nadilgunawardane/lab1_ws/install/lab1_pkg/lib/python3.10/site-packages/lab1_pkg/relay.py
/home/nadilgunawardane/lab1_ws/install/lab1_pkg/lib/python3.10/site-packages/lab1_pkg/simple_subscriber.py
/home/nadilgunawardane/lab1_ws/install/lab1_pkg/lib/python3.10/site-packages/lab1_pkg/__pycache__/simple_publisher.cpython-310.pyc
/home/nadilgunawardane/lab1_ws/install/lab1_pkg/lib/python3.10/site-packages/lab1_pkg/__pycache__/talker.cpython-310.pyc
/home/nadilgunawardane/lab1_ws/install/lab1_pkg/lib/python3.10/site-packages/lab1_pkg/__pycache__/__init__.cpython-310.pyc
/home/nadilgunawardane/lab1_ws/install/lab1_pkg/lib/python3.10/site-packages/lab1_pkg/__pycache__/relay.cpython-310.pyc
/home/nadilgunawardane/lab1_ws/install/lab1_pkg/lib/python3.10/site-packages/lab1_pkg/__pycache__/simple_subscriber.cpython-310.pyc
/home/nadilgunawardane/lab1_ws/install/lab1_pkg/share/ament_index/resource_index/packages/lab1_pkg
/home/nadilgunawardane/lab1_ws/install/lab1_pkg/share/lab1_pkg/package.xml
/home/nadilgunawardane/lab1_ws/install/lab1_pkg/share/lab1_pkg/launch/lab1_launch.py
/home/nadilgunawardane/lab1_ws/install/lab1_pkg/lib/python3.10/site-packages/lab1_pkg-0.0.0-py3.10.egg-info/SOURCES.txt
/home/nadilgunawardane/lab1_ws/install/lab1_pkg/lib/python3.10/site-packages/lab1_pkg-0.0.0-py3.10.egg-info/entry_points.txt
/home/nadilgunawardane/lab1_ws/install/lab1_pkg/lib/python3.10/site-packages/lab1_pkg-0.0.0-py3.10.egg-info/PKG-INFO
/home/nadilgunawardane/lab1_ws/install/lab1_pkg/lib/python3.10/site-packages/lab1_pkg-0.0.0-py3.10.egg-info/top_level.txt
/home/nadilgunawardane/lab1_ws/install/lab1_pkg/lib/python3.10/site-packages/lab1_pkg-0.0.0-py3.10.egg-info/requires.txt
/home/nadilgunawardane/lab1_ws/install/lab1_pkg/lib/python3.10/site-packages/lab1_pkg-0.0.0-py3.10.egg-info/dependency_links.txt
/home/nadilgunawardane/lab1_ws/install/lab1_pkg/lib/python3.10/site-packages/lab1_pkg-0.0.0-py3.10.egg-info/zip-safe
/home/nadilgunawardane/lab1_ws/install/lab1_pkg/lib/lab1_pkg/relay
/home/nadilgunawardane/lab1_ws/install/lab1_pkg/lib/lab1_pkg/simple_publisher
/home/nadilgunawardane/lab1_ws/install/lab1_pkg/lib/lab1_pkg/simple_subscriber
/home/nadilgunawardane/lab1_ws/install/lab1_pkg/lib/lab1_pkg/talker
