[0.741s] Invoking command in '/home/nadilgunawardane/lab1_ws/src/lab1_pkg': PYTHONPATH=/home/nadilgunawardane/lab1_ws/build/lab1_pkg/prefix_override:/home/nadilgunawardane/lab1_ws/install/lab1_pkg/lib/python3.10/site-packages:${PYTHONPATH} /usr/bin/python3 -W ignore:setup.py install is deprecated setup.py egg_info --egg-base ../../build/lab1_pkg build --build-base /home/nadilgunawardane/lab1_ws/build/lab1_pkg/build install --record /home/nadilgunawardane/lab1_ws/build/lab1_pkg/install.log --single-version-externally-managed install_data
[1.008s] running egg_info
[1.009s] writing ../../build/lab1_pkg/lab1_pkg.egg-info/PKG-INFO
[1.009s] writing dependency_links to ../../build/lab1_pkg/lab1_pkg.egg-info/dependency_links.txt
[1.009s] writing entry points to ../../build/lab1_pkg/lab1_pkg.egg-info/entry_points.txt
[1.009s] writing requirements to ../../build/lab1_pkg/lab1_pkg.egg-info/requires.txt
[1.010s] writing top-level names to ../../build/lab1_pkg/lab1_pkg.egg-info/top_level.txt
[1.011s] reading manifest file '../../build/lab1_pkg/lab1_pkg.egg-info/SOURCES.txt'
[1.012s] writing manifest file '../../build/lab1_pkg/lab1_pkg.egg-info/SOURCES.txt'
[1.012s] running build
[1.013s] running build_py
[1.013s] copying lab1_pkg/talker.py -> /home/nadilgunawardane/lab1_ws/build/lab1_pkg/build/lib/lab1_pkg
[1.013s] running install
[1.013s] running install_lib
[1.014s] copying /home/nadilgunawardane/lab1_ws/build/lab1_pkg/build/lib/lab1_pkg/talker.py -> /home/nadilgunawardane/lab1_ws/install/lab1_pkg/lib/python3.10/site-packages/lab1_pkg
[1.015s] byte-compiling /home/nadilgunawardane/lab1_ws/install/lab1_pkg/lib/python3.10/site-packages/lab1_pkg/talker.py to talker.cpython-310.pyc
[1.015s] running install_data
[1.015s] running install_egg_info
[1.017s] removing '/home/nadilgunawardane/lab1_ws/install/lab1_pkg/lib/python3.10/site-packages/lab1_pkg-0.0.0-py3.10.egg-info' (and everything under it)
[1.018s] Copying ../../build/lab1_pkg/lab1_pkg.egg-info to /home/nadilgunawardane/lab1_ws/install/lab1_pkg/lib/python3.10/site-packages/lab1_pkg-0.0.0-py3.10.egg-info
[1.018s] running install_scripts
[1.043s] Installing simple_publisher script to /home/nadilgunawardane/lab1_ws/install/lab1_pkg/lib/lab1_pkg
[1.043s] Installing simple_subscriber script to /home/nadilgunawardane/lab1_ws/install/lab1_pkg/lib/lab1_pkg
[1.043s] writing list of installed files to '/home/nadilgunawardane/lab1_ws/build/lab1_pkg/install.log'
[1.083s] Invoked command in '/home/nadilgunawardane/lab1_ws/src/lab1_pkg' returned '0': PYTHONPATH=/home/nadilgunawardane/lab1_ws/build/lab1_pkg/prefix_override:/home/nadilgunawardane/lab1_ws/install/lab1_pkg/lib/python3.10/site-packages:${PYTHONPATH} /usr/bin/python3 -W ignore:setup.py install is deprecated setup.py egg_info --egg-base ../../build/lab1_pkg build --build-base /home/nadilgunawardane/lab1_ws/build/lab1_pkg/build install --record /home/nadilgunawardane/lab1_ws/build/lab1_pkg/install.log --single-version-externally-managed install_data
